Determining if the pthread_create exist failed with the following output:
Change Dir: /home/ggory15/TSID_project/build-rel/CMakeFiles/CMakeTmp

Run Build Command:"/usr/bin/make" "cmTC_c767d/fast"
/usr/bin/make -f CMakeFiles/cmTC_c767d.dir/build.make CMakeFiles/cmTC_c767d.dir/build
make[1]: Entering directory '/home/ggory15/TSID_project/build-rel/CMakeFiles/CMakeTmp'
Building C object CMakeFiles/cmTC_c767d.dir/CheckSymbolExists.c.o
/usr/bin/cc     -o CMakeFiles/cmTC_c767d.dir/CheckSymbolExists.c.o   -c /home/ggory15/TSID_project/build-rel/CMakeFiles/CMakeTmp/CheckSymbolExists.c
Linking C executable cmTC_c767d
/usr/bin/cmake -E cmake_link_script CMakeFiles/cmTC_c767d.dir/link.txt --verbose=1
/usr/bin/cc       CMakeFiles/cmTC_c767d.dir/CheckSymbolExists.c.o  -o cmTC_c767d -rdynamic 
CMakeFiles/cmTC_c767d.dir/CheckSymbolExists.c.o: In function `main':
CheckSymbolExists.c:(.text+0x16): undefined reference to `pthread_create'
collect2: error: ld returned 1 exit status
CMakeFiles/cmTC_c767d.dir/build.make:97: recipe for target 'cmTC_c767d' failed
make[1]: *** [cmTC_c767d] Error 1
make[1]: Leaving directory '/home/ggory15/TSID_project/build-rel/CMakeFiles/CMakeTmp'
Makefile:126: recipe for target 'cmTC_c767d/fast' failed
make: *** [cmTC_c767d/fast] Error 2

File /home/ggory15/TSID_project/build-rel/CMakeFiles/CMakeTmp/CheckSymbolExists.c:
/* */
#include <pthread.h>

int main(int argc, char** argv)
{
  (void)argv;
#ifndef pthread_create
  return ((int*)(&pthread_create))[argc];
#else
  (void)argc;
  return 0;
#endif
}

Determining if the function pthread_create exists in the pthreads failed with the following output:
Change Dir: /home/ggory15/TSID_project/build-rel/CMakeFiles/CMakeTmp

Run Build Command:"/usr/bin/make" "cmTC_ed78c/fast"
/usr/bin/make -f CMakeFiles/cmTC_ed78c.dir/build.make CMakeFiles/cmTC_ed78c.dir/build
make[1]: Entering directory '/home/ggory15/TSID_project/build-rel/CMakeFiles/CMakeTmp'
Building C object CMakeFiles/cmTC_ed78c.dir/CheckFunctionExists.c.o
/usr/bin/cc    -DCHECK_FUNCTION_EXISTS=pthread_create   -o CMakeFiles/cmTC_ed78c.dir/CheckFunctionExists.c.o   -c /usr/share/cmake-3.5/Modules/CheckFunctionExists.c
Linking C executable cmTC_ed78c
/usr/bin/cmake -E cmake_link_script CMakeFiles/cmTC_ed78c.dir/link.txt --verbose=1
/usr/bin/cc   -DCHECK_FUNCTION_EXISTS=pthread_create    CMakeFiles/cmTC_ed78c.dir/CheckFunctionExists.c.o  -o cmTC_ed78c -rdynamic -lpthreads 
/usr/bin/ld: cannot find -lpthreads
collect2: error: ld returned 1 exit status
CMakeFiles/cmTC_ed78c.dir/build.make:97: recipe for target 'cmTC_ed78c' failed
make[1]: *** [cmTC_ed78c] Error 1
make[1]: Leaving directory '/home/ggory15/TSID_project/build-rel/CMakeFiles/CMakeTmp'
Makefile:126: recipe for target 'cmTC_ed78c/fast' failed
make: *** [cmTC_ed78c/fast] Error 2


