This file contains any messages produced by compilers while
running CMake, to aid debugging if configure makes a mistake.

It was created by HQP CMake configuration process UNKNOWN-dirty, which was
generated by CMake 3.5.1.

## --------- ##
## Platform. ##
## --------- ##

hostname = ggory15-desktop
system = Linux-4.4.0-127-generic
processor = x86_64
generator = Unix Makefiles

PATH /home/ggory15/HPP_OPT/install/sbin
PATH /home/ggory15/HPP_OPT/install/bin
PATH /opt/ros/kinetic/bin
PATH /home/ggory15/HPP_OPT/install/sbin
PATH /home/ggory15/bin
PATH /home/ggory15/.local/bin
PATH /usr/local/sbin
PATH /usr/local/bin
PATH /usr/sbin
PATH /usr/bin
PATH /sbin
PATH /bin
PATH /usr/games
PATH /usr/local/games
PATH /snap/bin
PATH /opt/openrobots/sbin
PATH /opt/openrobots/bin
PATH /opt/openrobots/sbin
PATH /opt/openrobots/bin

PKG_CONFIG_PATH /home/ggory15/HPP_OPT/install/lib/pkgconfig
PKG_CONFIG_PATH /opt/ros/kinetic/lib/pkgconfig
PKG_CONFIG_PATH /home/ggory15/HPP_OPT/install/lib/pkgconfig/

